2024-12-06T12:03:07.848+05:30  INFO 20772 --- [SmartParkingManagementSystem] [restartedMain] .SmartParkingManagementSystemApplication : Starting SmartParkingManagementSystemApplication using Java 17.0.7 with PID 20772 (C:\satish\BridgeLabz\SpringBoot\parkingmanagement\target\classes started by SATISH in C:\satish\BridgeLabz\SpringBoot\parkingmanagement)
2024-12-06T12:03:07.854+05:30  INFO 20772 --- [SmartParkingManagementSystem] [restartedMain] .SmartParkingManagementSystemApplication : The following 1 profile is active: "db"
2024-12-06T12:03:07.919+05:30  INFO 20772 --- [SmartParkingManagementSystem] [restartedMain] .e.DevToolsPropertyDefaultsPostProcessor : Devtools property defaults active! Set 'spring.devtools.add-properties' to 'false' to disable
2024-12-06T12:03:07.919+05:30  INFO 20772 --- [SmartParkingManagementSystem] [restartedMain] .e.DevToolsPropertyDefaultsPostProcessor : For additional web related logging consider setting the 'logging.level.web' property to 'DEBUG'
2024-12-06T12:03:08.922+05:30  INFO 20772 --- [SmartParkingManagementSystem] [restartedMain] .s.d.r.c.RepositoryConfigurationDelegate : Bootstrapping Spring Data JPA repositories in DEFAULT mode.
2024-12-06T12:03:08.999+05:30  INFO 20772 --- [SmartParkingManagementSystem] [restartedMain] .s.d.r.c.RepositoryConfigurationDelegate : Finished Spring Data repository scanning in 68 ms. Found 4 JPA repository interfaces.
2024-12-06T12:03:09.562+05:30  INFO 20772 --- [SmartParkingManagementSystem] [restartedMain] o.s.b.w.embedded.tomcat.TomcatWebServer  : Tomcat initialized with port 8080 (http)
2024-12-06T12:03:09.585+05:30  INFO 20772 --- [SmartParkingManagementSystem] [restartedMain] o.apache.catalina.core.StandardService   : Starting service [Tomcat]
2024-12-06T12:03:09.587+05:30  INFO 20772 --- [SmartParkingManagementSystem] [restartedMain] o.apache.catalina.core.StandardEngine    : Starting Servlet engine: [Apache Tomcat/10.1.33]
2024-12-06T12:03:09.677+05:30  INFO 20772 --- [SmartParkingManagementSystem] [restartedMain] o.a.c.c.C.[Tomcat].[localhost].[/]       : Initializing Spring embedded WebApplicationContext
2024-12-06T12:03:09.677+05:30  INFO 20772 --- [SmartParkingManagementSystem] [restartedMain] w.s.c.ServletWebServerApplicationContext : Root WebApplicationContext: initialization completed in 1758 ms
2024-12-06T12:03:09.897+05:30  INFO 20772 --- [SmartParkingManagementSystem] [restartedMain] o.hibernate.jpa.internal.util.LogHelper  : HHH000204: Processing PersistenceUnitInfo [name: default]
2024-12-06T12:03:09.970+05:30  INFO 20772 --- [SmartParkingManagementSystem] [restartedMain] org.hibernate.Version                    : HHH000412: Hibernate ORM core version 6.6.2.Final
2024-12-06T12:03:10.010+05:30  INFO 20772 --- [SmartParkingManagementSystem] [restartedMain] o.h.c.internal.RegionFactoryInitiator    : HHH000026: Second-level cache disabled
2024-12-06T12:03:10.357+05:30  INFO 20772 --- [SmartParkingManagementSystem] [restartedMain] o.s.o.j.p.SpringPersistenceUnitInfo      : No LoadTimeWeaver setup: ignoring JPA class transformer
2024-12-06T12:03:10.387+05:30  INFO 20772 --- [SmartParkingManagementSystem] [restartedMain] com.zaxxer.hikari.HikariDataSource       : HikariPool-1 - Starting...
2024-12-06T12:03:10.871+05:30  INFO 20772 --- [SmartParkingManagementSystem] [restartedMain] com.zaxxer.hikari.pool.HikariPool        : HikariPool-1 - Added connection com.mysql.cj.jdbc.ConnectionImpl@6df29e7f
2024-12-06T12:03:10.873+05:30  INFO 20772 --- [SmartParkingManagementSystem] [restartedMain] com.zaxxer.hikari.HikariDataSource       : HikariPool-1 - Start completed.
2024-12-06T12:03:11.022+05:30  INFO 20772 --- [SmartParkingManagementSystem] [restartedMain] org.hibernate.orm.connections.pooling    : HHH10001005: Database info:
	Database JDBC URL [Connecting through datasource 'HikariDataSource (HikariPool-1)']
	Database driver: undefined/unknown
	Database version: 8.0.34
	Autocommit mode: undefined/unknown
	Isolation level: undefined/unknown
	Minimum pool size: undefined/unknown
	Maximum pool size: undefined/unknown
2024-12-06T12:03:12.147+05:30  INFO 20772 --- [SmartParkingManagementSystem] [restartedMain] o.h.e.t.j.p.i.JtaPlatformInitiator       : HHH000489: No JTA platform available (set 'hibernate.transaction.jta.platform' to enable JTA platform integration)
2024-12-06T12:03:12.250+05:30  INFO 20772 --- [SmartParkingManagementSystem] [restartedMain] j.LocalContainerEntityManagerFactoryBean : Initialized JPA EntityManagerFactory for persistence unit 'default'
2024-12-06T12:03:12.667+05:30  WARN 20772 --- [SmartParkingManagementSystem] [restartedMain] JpaBaseConfiguration$JpaWebConfiguration : spring.jpa.open-in-view is enabled by default. Therefore, database queries may be performed during view rendering. Explicitly configure spring.jpa.open-in-view to disable this warning
2024-12-06T12:03:13.027+05:30  INFO 20772 --- [SmartParkingManagementSystem] [restartedMain] o.s.b.d.a.OptionalLiveReloadServer       : LiveReload server is running on port 35729
2024-12-06T12:03:13.068+05:30  INFO 20772 --- [SmartParkingManagementSystem] [restartedMain] o.s.b.w.embedded.tomcat.TomcatWebServer  : Tomcat started on port 8080 (http) with context path '/'
2024-12-06T12:03:13.080+05:30  INFO 20772 --- [SmartParkingManagementSystem] [restartedMain] .SmartParkingManagementSystemApplication : Started SmartParkingManagementSystemApplication in 5.906 seconds (process running for 7.195)
2024-12-06T12:04:46.544+05:30  INFO 20772 --- [SmartParkingManagementSystem] [http-nio-8080-exec-2] o.a.c.c.C.[Tomcat].[localhost].[/]       : Initializing Spring DispatcherServlet 'dispatcherServlet'
2024-12-06T12:04:46.544+05:30  INFO 20772 --- [SmartParkingManagementSystem] [http-nio-8080-exec-2] o.s.web.servlet.DispatcherServlet        : Initializing Servlet 'dispatcherServlet'
2024-12-06T12:04:46.544+05:30  INFO 20772 --- [SmartParkingManagementSystem] [http-nio-8080-exec-2] o.s.web.servlet.DispatcherServlet        : Completed initialization in 0 ms
2024-12-06T12:10:35.123+05:30  INFO 20772 --- [SmartParkingManagementSystem] [File Watcher] rtingClassPathChangeChangedEventListener : Restarting due to 1 class path change (0 additions, 1 deletion, 0 modifications)
2024-12-06T12:10:35.129+05:30  INFO 20772 --- [SmartParkingManagementSystem] [Thread-5] o.s.b.w.e.tomcat.GracefulShutdown        : Commencing graceful shutdown. Waiting for active requests to complete
2024-12-06T12:10:35.408+05:30  INFO 20772 --- [SmartParkingManagementSystem] [tomcat-shutdown] o.s.b.w.e.tomcat.GracefulShutdown        : Graceful shutdown complete
2024-12-06T12:10:35.414+05:30  INFO 20772 --- [SmartParkingManagementSystem] [Thread-5] j.LocalContainerEntityManagerFactoryBean : Closing JPA EntityManagerFactory for persistence unit 'default'
2024-12-06T12:10:35.419+05:30  INFO 20772 --- [SmartParkingManagementSystem] [Thread-5] com.zaxxer.hikari.HikariDataSource       : HikariPool-1 - Shutdown initiated...
2024-12-06T12:10:35.434+05:30  INFO 20772 --- [SmartParkingManagementSystem] [Thread-5] com.zaxxer.hikari.HikariDataSource       : HikariPool-1 - Shutdown completed.
2024-12-06T12:10:35.591+05:30  INFO 20772 --- [SmartParkingManagementSystem] [restartedMain] .SmartParkingManagementSystemApplication : Starting SmartParkingManagementSystemApplication using Java 17.0.7 with PID 20772 (C:\satish\BridgeLabz\SpringBoot\parkingmanagement\target\classes started by SATISH in C:\satish\BridgeLabz\SpringBoot\parkingmanagement)
2024-12-06T12:10:35.591+05:30  INFO 20772 --- [SmartParkingManagementSystem] [restartedMain] .SmartParkingManagementSystemApplication : The following 1 profile is active: "db"
2024-12-06T12:10:36.034+05:30  INFO 20772 --- [SmartParkingManagementSystem] [restartedMain] .s.d.r.c.RepositoryConfigurationDelegate : Bootstrapping Spring Data JPA repositories in DEFAULT mode.
2024-12-06T12:10:36.070+05:30  INFO 20772 --- [SmartParkingManagementSystem] [restartedMain] .s.d.r.c.RepositoryConfigurationDelegate : Finished Spring Data repository scanning in 34 ms. Found 4 JPA repository interfaces.
2024-12-06T12:10:36.288+05:30  INFO 20772 --- [SmartParkingManagementSystem] [restartedMain] o.s.b.w.embedded.tomcat.TomcatWebServer  : Tomcat initialized with port 8080 (http)
2024-12-06T12:10:36.291+05:30  INFO 20772 --- [SmartParkingManagementSystem] [restartedMain] o.apache.catalina.core.StandardService   : Starting service [Tomcat]
2024-12-06T12:10:36.291+05:30  INFO 20772 --- [SmartParkingManagementSystem] [restartedMain] o.apache.catalina.core.StandardEngine    : Starting Servlet engine: [Apache Tomcat/10.1.33]
2024-12-06T12:10:36.326+05:30  INFO 20772 --- [SmartParkingManagementSystem] [restartedMain] o.a.c.c.C.[Tomcat].[localhost].[/]       : Initializing Spring embedded WebApplicationContext
2024-12-06T12:10:36.327+05:30  INFO 20772 --- [SmartParkingManagementSystem] [restartedMain] w.s.c.ServletWebServerApplicationContext : Root WebApplicationContext: initialization completed in 732 ms
2024-12-06T12:10:36.395+05:30  INFO 20772 --- [SmartParkingManagementSystem] [restartedMain] o.hibernate.jpa.internal.util.LogHelper  : HHH000204: Processing PersistenceUnitInfo [name: default]
2024-12-06T12:10:36.400+05:30  INFO 20772 --- [SmartParkingManagementSystem] [restartedMain] o.h.c.internal.RegionFactoryInitiator    : HHH000026: Second-level cache disabled
2024-12-06T12:10:36.420+05:30  INFO 20772 --- [SmartParkingManagementSystem] [restartedMain] o.s.o.j.p.SpringPersistenceUnitInfo      : No LoadTimeWeaver setup: ignoring JPA class transformer
2024-12-06T12:10:36.423+05:30  INFO 20772 --- [SmartParkingManagementSystem] [restartedMain] com.zaxxer.hikari.HikariDataSource       : HikariPool-2 - Starting...
2024-12-06T12:10:36.445+05:30  INFO 20772 --- [SmartParkingManagementSystem] [restartedMain] com.zaxxer.hikari.pool.HikariPool        : HikariPool-2 - Added connection com.mysql.cj.jdbc.ConnectionImpl@1dc1865d
2024-12-06T12:10:36.446+05:30  INFO 20772 --- [SmartParkingManagementSystem] [restartedMain] com.zaxxer.hikari.HikariDataSource       : HikariPool-2 - Start completed.
2024-12-06T12:10:36.447+05:30  INFO 20772 --- [SmartParkingManagementSystem] [restartedMain] org.hibernate.orm.connections.pooling    : HHH10001005: Database info:
	Database JDBC URL [Connecting through datasource 'HikariDataSource (HikariPool-2)']
	Database driver: undefined/unknown
	Database version: 8.0.34
	Autocommit mode: undefined/unknown
	Isolation level: undefined/unknown
	Minimum pool size: undefined/unknown
	Maximum pool size: undefined/unknown
2024-12-06T12:10:36.603+05:30  INFO 20772 --- [SmartParkingManagementSystem] [restartedMain] o.h.e.t.j.p.i.JtaPlatformInitiator       : HHH000489: No JTA platform available (set 'hibernate.transaction.jta.platform' to enable JTA platform integration)
2024-12-06T12:10:36.645+05:30  INFO 20772 --- [SmartParkingManagementSystem] [restartedMain] j.LocalContainerEntityManagerFactoryBean : Initialized JPA EntityManagerFactory for persistence unit 'default'
2024-12-06T12:10:36.661+05:30  WARN 20772 --- [SmartParkingManagementSystem] [restartedMain] ConfigServletWebServerApplicationContext : Exception encountered during context initialization - cancelling refresh attempt: org.springframework.beans.factory.UnsatisfiedDependencyException: Error creating bean with name 'adminController' defined in file [C:\satish\BridgeLabz\SpringBoot\parkingmanagement\target\classes\com\bridgeLabz\parkingmanagement\controller\AdminController.class]: Unsatisfied dependency expressed through constructor parameter 0: No qualifying bean of type 'com.bridgeLabz.parkingmanagement.service.AdminReportService' available: expected at least 1 bean which qualifies as autowire candidate. Dependency annotations: {}
2024-12-06T12:10:36.661+05:30  INFO 20772 --- [SmartParkingManagementSystem] [restartedMain] j.LocalContainerEntityManagerFactoryBean : Closing JPA EntityManagerFactory for persistence unit 'default'
2024-12-06T12:10:36.661+05:30  INFO 20772 --- [SmartParkingManagementSystem] [restartedMain] com.zaxxer.hikari.HikariDataSource       : HikariPool-2 - Shutdown initiated...
2024-12-06T12:10:36.683+05:30  INFO 20772 --- [SmartParkingManagementSystem] [restartedMain] com.zaxxer.hikari.HikariDataSource       : HikariPool-2 - Shutdown completed.
2024-12-06T12:10:36.684+05:30  INFO 20772 --- [SmartParkingManagementSystem] [restartedMain] o.apache.catalina.core.StandardService   : Stopping service [Tomcat]
2024-12-06T12:10:36.694+05:30  INFO 20772 --- [SmartParkingManagementSystem] [restartedMain] .s.b.a.l.ConditionEvaluationReportLogger : 

Error starting ApplicationContext. To display the condition evaluation report re-run your application with 'debug' enabled.
2024-12-06T12:10:36.735+05:30 ERROR 20772 --- [SmartParkingManagementSystem] [restartedMain] o.s.b.d.LoggingFailureAnalysisReporter   : 

***************************
APPLICATION FAILED TO START
***************************

Description:

Parameter 0 of constructor in com.bridgeLabz.parkingmanagement.controller.AdminController required a bean of type 'com.bridgeLabz.parkingmanagement.service.AdminReportService' that could not be found.


Action:

Consider defining a bean of type 'com.bridgeLabz.parkingmanagement.service.AdminReportService' in your configuration.

2024-12-06T12:10:39.318+05:30  INFO 20772 --- [SmartParkingManagementSystem] [restartedMain] .SmartParkingManagementSystemApplication : Starting SmartParkingManagementSystemApplication using Java 17.0.7 with PID 20772 (C:\satish\BridgeLabz\SpringBoot\parkingmanagement\target\classes started by SATISH in C:\satish\BridgeLabz\SpringBoot\parkingmanagement)
2024-12-06T12:10:39.318+05:30  INFO 20772 --- [SmartParkingManagementSystem] [restartedMain] .SmartParkingManagementSystemApplication : The following 1 profile is active: "db"
2024-12-06T12:10:39.876+05:30  INFO 20772 --- [SmartParkingManagementSystem] [restartedMain] .s.d.r.c.RepositoryConfigurationDelegate : Bootstrapping Spring Data JPA repositories in DEFAULT mode.
2024-12-06T12:10:39.903+05:30  INFO 20772 --- [SmartParkingManagementSystem] [restartedMain] .s.d.r.c.RepositoryConfigurationDelegate : Finished Spring Data repository scanning in 34 ms. Found 4 JPA repository interfaces.
2024-12-06T12:10:40.104+05:30  INFO 20772 --- [SmartParkingManagementSystem] [restartedMain] o.s.b.w.embedded.tomcat.TomcatWebServer  : Tomcat initialized with port 8080 (http)
2024-12-06T12:10:40.104+05:30  INFO 20772 --- [SmartParkingManagementSystem] [restartedMain] o.apache.catalina.core.StandardService   : Starting service [Tomcat]
2024-12-06T12:10:40.104+05:30  INFO 20772 --- [SmartParkingManagementSystem] [restartedMain] o.apache.catalina.core.StandardEngine    : Starting Servlet engine: [Apache Tomcat/10.1.33]
2024-12-06T12:10:40.141+05:30  INFO 20772 --- [SmartParkingManagementSystem] [restartedMain] o.a.c.c.C.[Tomcat-1].[localhost].[/]     : Initializing Spring embedded WebApplicationContext
2024-12-06T12:10:40.144+05:30  INFO 20772 --- [SmartParkingManagementSystem] [restartedMain] w.s.c.ServletWebServerApplicationContext : Root WebApplicationContext: initialization completed in 824 ms
2024-12-06T12:10:40.183+05:30  INFO 20772 --- [SmartParkingManagementSystem] [restartedMain] o.hibernate.jpa.internal.util.LogHelper  : HHH000204: Processing PersistenceUnitInfo [name: default]
2024-12-06T12:10:40.187+05:30  INFO 20772 --- [SmartParkingManagementSystem] [restartedMain] o.h.c.internal.RegionFactoryInitiator    : HHH000026: Second-level cache disabled
2024-12-06T12:10:40.201+05:30  INFO 20772 --- [SmartParkingManagementSystem] [restartedMain] o.s.o.j.p.SpringPersistenceUnitInfo      : No LoadTimeWeaver setup: ignoring JPA class transformer
2024-12-06T12:10:40.202+05:30  INFO 20772 --- [SmartParkingManagementSystem] [restartedMain] com.zaxxer.hikari.HikariDataSource       : HikariPool-3 - Starting...
2024-12-06T12:10:40.216+05:30  INFO 20772 --- [SmartParkingManagementSystem] [restartedMain] com.zaxxer.hikari.pool.HikariPool        : HikariPool-3 - Added connection com.mysql.cj.jdbc.ConnectionImpl@522f5fd2
2024-12-06T12:10:40.216+05:30  INFO 20772 --- [SmartParkingManagementSystem] [restartedMain] com.zaxxer.hikari.HikariDataSource       : HikariPool-3 - Start completed.
2024-12-06T12:10:40.221+05:30  INFO 20772 --- [SmartParkingManagementSystem] [restartedMain] org.hibernate.orm.connections.pooling    : HHH10001005: Database info:
	Database JDBC URL [Connecting through datasource 'HikariDataSource (HikariPool-3)']
	Database driver: undefined/unknown
	Database version: 8.0.34
	Autocommit mode: undefined/unknown
	Isolation level: undefined/unknown
	Minimum pool size: undefined/unknown
	Maximum pool size: undefined/unknown
2024-12-06T12:10:40.356+05:30  INFO 20772 --- [SmartParkingManagementSystem] [restartedMain] o.h.e.t.j.p.i.JtaPlatformInitiator       : HHH000489: No JTA platform available (set 'hibernate.transaction.jta.platform' to enable JTA platform integration)
2024-12-06T12:10:40.395+05:30  INFO 20772 --- [SmartParkingManagementSystem] [restartedMain] j.LocalContainerEntityManagerFactoryBean : Initialized JPA EntityManagerFactory for persistence unit 'default'
2024-12-06T12:10:40.597+05:30  WARN 20772 --- [SmartParkingManagementSystem] [restartedMain] JpaBaseConfiguration$JpaWebConfiguration : spring.jpa.open-in-view is enabled by default. Therefore, database queries may be performed during view rendering. Explicitly configure spring.jpa.open-in-view to disable this warning
2024-12-06T12:10:40.788+05:30  INFO 20772 --- [SmartParkingManagementSystem] [restartedMain] o.s.b.d.a.OptionalLiveReloadServer       : LiveReload server is running on port 35729
2024-12-06T12:10:40.817+05:30  INFO 20772 --- [SmartParkingManagementSystem] [restartedMain] o.s.b.w.embedded.tomcat.TomcatWebServer  : Tomcat started on port 8080 (http) with context path '/'
2024-12-06T12:10:40.825+05:30  INFO 20772 --- [SmartParkingManagementSystem] [restartedMain] .SmartParkingManagementSystemApplication : Started SmartParkingManagementSystemApplication in 1.566 seconds (process running for 454.939)
2024-12-06T12:10:40.827+05:30  INFO 20772 --- [SmartParkingManagementSystem] [restartedMain] .ConditionEvaluationDeltaLoggingListener : Condition evaluation unchanged
2024-12-06T12:27:13.443+05:30  INFO 20772 --- [SmartParkingManagementSystem] [http-nio-8080-exec-2] o.a.c.c.C.[Tomcat-1].[localhost].[/]     : Initializing Spring DispatcherServlet 'dispatcherServlet'
2024-12-06T12:27:13.443+05:30  INFO 20772 --- [SmartParkingManagementSystem] [http-nio-8080-exec-2] o.s.web.servlet.DispatcherServlet        : Initializing Servlet 'dispatcherServlet'
2024-12-06T12:27:13.443+05:30  INFO 20772 --- [SmartParkingManagementSystem] [http-nio-8080-exec-2] o.s.web.servlet.DispatcherServlet        : Completed initialization in 0 ms
2024-12-06T12:27:13.622+05:30  WARN 20772 --- [SmartParkingManagementSystem] [http-nio-8080-exec-2] .m.m.a.ExceptionHandlerExceptionResolver : Resolved [org.springframework.web.bind.MethodArgumentNotValidException: Validation failed for argument [0] in public org.springframework.http.ResponseEntity<com.bridgeLabz.parkingmanagement.dto.ReservationResponseDTO> com.bridgeLabz.parkingmanagement.controller.ReservationController.assignReservation(com.bridgeLabz.parkingmanagement.dto.ReservationRequestDTO): [Field error in object 'reservationRequestDTO' on field 'startTime': rejected value [2024-12-06T12:27:06]; codes [FutureOrPresent.reservationRequestDTO.startTime,FutureOrPresent.startTime,FutureOrPresent.java.time.LocalDateTime,FutureOrPresent]; arguments [org.springframework.context.support.DefaultMessageSourceResolvable: codes [reservationRequestDTO.startTime,startTime]; arguments []; default message [startTime]]; default message [Start time should be future or present]] ]
2024-12-06T12:34:01.151+05:30  INFO 20772 --- [SmartParkingManagementSystem] [File Watcher] rtingClassPathChangeChangedEventListener : Restarting due to 1 class path change (0 additions, 1 deletion, 0 modifications)
2024-12-06T12:34:01.153+05:30  INFO 20772 --- [SmartParkingManagementSystem] [Thread-7] o.s.b.w.e.tomcat.GracefulShutdown        : Commencing graceful shutdown. Waiting for active requests to complete
2024-12-06T12:34:01.305+05:30  INFO 20772 --- [SmartParkingManagementSystem] [tomcat-shutdown] o.s.b.w.e.tomcat.GracefulShutdown        : Graceful shutdown complete
2024-12-06T12:34:01.308+05:30  INFO 20772 --- [SmartParkingManagementSystem] [Thread-7] j.LocalContainerEntityManagerFactoryBean : Closing JPA EntityManagerFactory for persistence unit 'default'
2024-12-06T12:34:01.309+05:30  INFO 20772 --- [SmartParkingManagementSystem] [Thread-7] com.zaxxer.hikari.HikariDataSource       : HikariPool-3 - Shutdown initiated...
2024-12-06T12:34:01.314+05:30  INFO 20772 --- [SmartParkingManagementSystem] [Thread-7] com.zaxxer.hikari.HikariDataSource       : HikariPool-3 - Shutdown completed.
2024-12-06T12:34:01.411+05:30  INFO 20772 --- [SmartParkingManagementSystem] [restartedMain] .SmartParkingManagementSystemApplication : Starting SmartParkingManagementSystemApplication using Java 17.0.7 with PID 20772 (C:\satish\BridgeLabz\SpringBoot\parkingmanagement\target\classes started by SATISH in C:\satish\BridgeLabz\SpringBoot\parkingmanagement)
2024-12-06T12:34:01.411+05:30  INFO 20772 --- [SmartParkingManagementSystem] [restartedMain] .SmartParkingManagementSystemApplication : The following 1 profile is active: "db"
2024-12-06T12:34:01.699+05:30  INFO 20772 --- [SmartParkingManagementSystem] [restartedMain] .s.d.r.c.RepositoryConfigurationDelegate : Bootstrapping Spring Data JPA repositories in DEFAULT mode.
2024-12-06T12:34:01.736+05:30  INFO 20772 --- [SmartParkingManagementSystem] [restartedMain] .s.d.r.c.RepositoryConfigurationDelegate : Finished Spring Data repository scanning in 35 ms. Found 4 JPA repository interfaces.
2024-12-06T12:34:01.890+05:30  INFO 20772 --- [SmartParkingManagementSystem] [restartedMain] o.s.b.w.embedded.tomcat.TomcatWebServer  : Tomcat initialized with port 8080 (http)
2024-12-06T12:34:01.891+05:30  INFO 20772 --- [SmartParkingManagementSystem] [restartedMain] o.apache.catalina.core.StandardService   : Starting service [Tomcat]
2024-12-06T12:34:01.891+05:30  INFO 20772 --- [SmartParkingManagementSystem] [restartedMain] o.apache.catalina.core.StandardEngine    : Starting Servlet engine: [Apache Tomcat/10.1.33]
2024-12-06T12:34:01.918+05:30  INFO 20772 --- [SmartParkingManagementSystem] [restartedMain] o.a.c.c.C.[Tomcat-1].[localhost].[/]     : Initializing Spring embedded WebApplicationContext
2024-12-06T12:34:01.919+05:30  INFO 20772 --- [SmartParkingManagementSystem] [restartedMain] w.s.c.ServletWebServerApplicationContext : Root WebApplicationContext: initialization completed in 505 ms
2024-12-06T12:34:01.975+05:30  INFO 20772 --- [SmartParkingManagementSystem] [restartedMain] o.hibernate.jpa.internal.util.LogHelper  : HHH000204: Processing PersistenceUnitInfo [name: default]
2024-12-06T12:34:01.981+05:30  INFO 20772 --- [SmartParkingManagementSystem] [restartedMain] o.h.c.internal.RegionFactoryInitiator    : HHH000026: Second-level cache disabled
2024-12-06T12:34:01.998+05:30  INFO 20772 --- [SmartParkingManagementSystem] [restartedMain] o.s.o.j.p.SpringPersistenceUnitInfo      : No LoadTimeWeaver setup: ignoring JPA class transformer
2024-12-06T12:34:02.000+05:30  INFO 20772 --- [SmartParkingManagementSystem] [restartedMain] com.zaxxer.hikari.HikariDataSource       : HikariPool-4 - Starting...
2024-12-06T12:34:02.020+05:30  INFO 20772 --- [SmartParkingManagementSystem] [restartedMain] com.zaxxer.hikari.pool.HikariPool        : HikariPool-4 - Added connection com.mysql.cj.jdbc.ConnectionImpl@7dd24ad0
2024-12-06T12:34:02.020+05:30  INFO 20772 --- [SmartParkingManagementSystem] [restartedMain] com.zaxxer.hikari.HikariDataSource       : HikariPool-4 - Start completed.
2024-12-06T12:34:02.022+05:30  INFO 20772 --- [SmartParkingManagementSystem] [restartedMain] org.hibernate.orm.connections.pooling    : HHH10001005: Database info:
	Database JDBC URL [Connecting through datasource 'HikariDataSource (HikariPool-4)']
	Database driver: undefined/unknown
	Database version: 8.0.34
	Autocommit mode: undefined/unknown
	Isolation level: undefined/unknown
	Minimum pool size: undefined/unknown
	Maximum pool size: undefined/unknown
2024-12-06T12:34:02.177+05:30  INFO 20772 --- [SmartParkingManagementSystem] [restartedMain] o.h.e.t.j.p.i.JtaPlatformInitiator       : HHH000489: No JTA platform available (set 'hibernate.transaction.jta.platform' to enable JTA platform integration)
2024-12-06T12:34:02.207+05:30  INFO 20772 --- [SmartParkingManagementSystem] [restartedMain] j.LocalContainerEntityManagerFactoryBean : Initialized JPA EntityManagerFactory for persistence unit 'default'
2024-12-06T12:34:02.221+05:30  WARN 20772 --- [SmartParkingManagementSystem] [restartedMain] ConfigServletWebServerApplicationContext : Exception encountered during context initialization - cancelling refresh attempt: org.springframework.beans.factory.UnsatisfiedDependencyException: Error creating bean with name 'adminController' defined in file [C:\satish\BridgeLabz\SpringBoot\parkingmanagement\target\classes\com\bridgeLabz\parkingmanagement\controller\AdminController.class]: Unsatisfied dependency expressed through constructor parameter 0: No qualifying bean of type 'com.bridgeLabz.parkingmanagement.service.AdminReportService' available: expected at least 1 bean which qualifies as autowire candidate. Dependency annotations: {}
2024-12-06T12:34:02.221+05:30  INFO 20772 --- [SmartParkingManagementSystem] [restartedMain] j.LocalContainerEntityManagerFactoryBean : Closing JPA EntityManagerFactory for persistence unit 'default'
2024-12-06T12:34:02.221+05:30  INFO 20772 --- [SmartParkingManagementSystem] [restartedMain] com.zaxxer.hikari.HikariDataSource       : HikariPool-4 - Shutdown initiated...
2024-12-06T12:34:02.256+05:30  INFO 20772 --- [SmartParkingManagementSystem] [restartedMain] com.zaxxer.hikari.HikariDataSource       : HikariPool-4 - Shutdown completed.
2024-12-06T12:34:02.256+05:30  INFO 20772 --- [SmartParkingManagementSystem] [restartedMain] o.apache.catalina.core.StandardService   : Stopping service [Tomcat]
2024-12-06T12:34:02.263+05:30  INFO 20772 --- [SmartParkingManagementSystem] [restartedMain] .s.b.a.l.ConditionEvaluationReportLogger : 

Error starting ApplicationContext. To display the condition evaluation report re-run your application with 'debug' enabled.
2024-12-06T12:34:02.273+05:30 ERROR 20772 --- [SmartParkingManagementSystem] [restartedMain] o.s.b.d.LoggingFailureAnalysisReporter   : 

***************************
APPLICATION FAILED TO START
***************************

Description:

Parameter 0 of constructor in com.bridgeLabz.parkingmanagement.controller.AdminController required a bean of type 'com.bridgeLabz.parkingmanagement.service.AdminReportService' that could not be found.


Action:

Consider defining a bean of type 'com.bridgeLabz.parkingmanagement.service.AdminReportService' in your configuration.

2024-12-06T12:37:20.527+05:30  INFO 20772 --- [SmartParkingManagementSystem] [restartedMain] .SmartParkingManagementSystemApplication : Starting SmartParkingManagementSystemApplication using Java 17.0.7 with PID 20772 (C:\satish\BridgeLabz\SpringBoot\parkingmanagement\target\classes started by SATISH in C:\satish\BridgeLabz\SpringBoot\parkingmanagement)
2024-12-06T12:37:20.527+05:30  INFO 20772 --- [SmartParkingManagementSystem] [restartedMain] .SmartParkingManagementSystemApplication : The following 1 profile is active: "db"
2024-12-06T12:37:20.851+05:30  INFO 20772 --- [SmartParkingManagementSystem] [restartedMain] .s.d.r.c.RepositoryConfigurationDelegate : Bootstrapping Spring Data JPA repositories in DEFAULT mode.
2024-12-06T12:37:20.887+05:30  INFO 20772 --- [SmartParkingManagementSystem] [restartedMain] .s.d.r.c.RepositoryConfigurationDelegate : Finished Spring Data repository scanning in 34 ms. Found 4 JPA repository interfaces.
2024-12-06T12:37:21.010+05:30  INFO 20772 --- [SmartParkingManagementSystem] [restartedMain] o.s.b.w.embedded.tomcat.TomcatWebServer  : Tomcat initialized with port 8080 (http)
2024-12-06T12:37:21.011+05:30  INFO 20772 --- [SmartParkingManagementSystem] [restartedMain] o.apache.catalina.core.StandardService   : Starting service [Tomcat]
2024-12-06T12:37:21.011+05:30  INFO 20772 --- [SmartParkingManagementSystem] [restartedMain] o.apache.catalina.core.StandardEngine    : Starting Servlet engine: [Apache Tomcat/10.1.33]
2024-12-06T12:37:21.037+05:30  INFO 20772 --- [SmartParkingManagementSystem] [restartedMain] o.a.c.c.C.[Tomcat-2].[localhost].[/]     : Initializing Spring embedded WebApplicationContext
2024-12-06T12:37:21.038+05:30  INFO 20772 --- [SmartParkingManagementSystem] [restartedMain] w.s.c.ServletWebServerApplicationContext : Root WebApplicationContext: initialization completed in 508 ms
2024-12-06T12:37:21.096+05:30  INFO 20772 --- [SmartParkingManagementSystem] [restartedMain] o.hibernate.jpa.internal.util.LogHelper  : HHH000204: Processing PersistenceUnitInfo [name: default]
2024-12-06T12:37:21.103+05:30  INFO 20772 --- [SmartParkingManagementSystem] [restartedMain] o.h.c.internal.RegionFactoryInitiator    : HHH000026: Second-level cache disabled
2024-12-06T12:37:21.120+05:30  INFO 20772 --- [SmartParkingManagementSystem] [restartedMain] o.s.o.j.p.SpringPersistenceUnitInfo      : No LoadTimeWeaver setup: ignoring JPA class transformer
2024-12-06T12:37:21.122+05:30  INFO 20772 --- [SmartParkingManagementSystem] [restartedMain] com.zaxxer.hikari.HikariDataSource       : HikariPool-5 - Starting...
2024-12-06T12:37:21.141+05:30  INFO 20772 --- [SmartParkingManagementSystem] [restartedMain] com.zaxxer.hikari.pool.HikariPool        : HikariPool-5 - Added connection com.mysql.cj.jdbc.ConnectionImpl@11a2a6fa
2024-12-06T12:37:21.141+05:30  INFO 20772 --- [SmartParkingManagementSystem] [restartedMain] com.zaxxer.hikari.HikariDataSource       : HikariPool-5 - Start completed.
2024-12-06T12:37:21.142+05:30  INFO 20772 --- [SmartParkingManagementSystem] [restartedMain] org.hibernate.orm.connections.pooling    : HHH10001005: Database info:
	Database JDBC URL [Connecting through datasource 'HikariDataSource (HikariPool-5)']
	Database driver: undefined/unknown
	Database version: 8.0.34
	Autocommit mode: undefined/unknown
	Isolation level: undefined/unknown
	Minimum pool size: undefined/unknown
	Maximum pool size: undefined/unknown
2024-12-06T12:37:21.259+05:30  INFO 20772 --- [SmartParkingManagementSystem] [restartedMain] o.h.e.t.j.p.i.JtaPlatformInitiator       : HHH000489: No JTA platform available (set 'hibernate.transaction.jta.platform' to enable JTA platform integration)
2024-12-06T12:37:21.284+05:30  INFO 20772 --- [SmartParkingManagementSystem] [restartedMain] j.LocalContainerEntityManagerFactoryBean : Initialized JPA EntityManagerFactory for persistence unit 'default'
2024-12-06T12:37:21.455+05:30  WARN 20772 --- [SmartParkingManagementSystem] [restartedMain] JpaBaseConfiguration$JpaWebConfiguration : spring.jpa.open-in-view is enabled by default. Therefore, database queries may be performed during view rendering. Explicitly configure spring.jpa.open-in-view to disable this warning
2024-12-06T12:37:21.576+05:30  INFO 20772 --- [SmartParkingManagementSystem] [restartedMain] o.s.b.d.a.OptionalLiveReloadServer       : LiveReload server is running on port 35729
2024-12-06T12:37:21.588+05:30  INFO 20772 --- [SmartParkingManagementSystem] [restartedMain] o.s.b.w.embedded.tomcat.TomcatWebServer  : Tomcat started on port 8080 (http) with context path '/'
2024-12-06T12:37:21.594+05:30  INFO 20772 --- [SmartParkingManagementSystem] [restartedMain] .SmartParkingManagementSystemApplication : Started SmartParkingManagementSystemApplication in 1.112 seconds (process running for 2055.708)
2024-12-06T12:37:21.596+05:30  INFO 20772 --- [SmartParkingManagementSystem] [restartedMain] .ConditionEvaluationDeltaLoggingListener : Condition evaluation unchanged
2024-12-06T12:47:12.952+05:30  INFO 20772 --- [SmartParkingManagementSystem] [File Watcher] rtingClassPathChangeChangedEventListener : Restarting due to 1 class path change (0 additions, 1 deletion, 0 modifications)
2024-12-06T12:47:12.954+05:30  INFO 20772 --- [SmartParkingManagementSystem] [Thread-14] o.s.b.w.e.tomcat.GracefulShutdown        : Commencing graceful shutdown. Waiting for active requests to complete
2024-12-06T12:47:13.130+05:30  INFO 20772 --- [SmartParkingManagementSystem] [tomcat-shutdown] o.s.b.w.e.tomcat.GracefulShutdown        : Graceful shutdown complete
2024-12-06T12:47:13.132+05:30  INFO 20772 --- [SmartParkingManagementSystem] [Thread-14] j.LocalContainerEntityManagerFactoryBean : Closing JPA EntityManagerFactory for persistence unit 'default'
2024-12-06T12:47:13.133+05:30  INFO 20772 --- [SmartParkingManagementSystem] [Thread-14] com.zaxxer.hikari.HikariDataSource       : HikariPool-5 - Shutdown initiated...
2024-12-06T12:47:13.139+05:30  INFO 20772 --- [SmartParkingManagementSystem] [Thread-14] com.zaxxer.hikari.HikariDataSource       : HikariPool-5 - Shutdown completed.
2024-12-06T12:47:13.265+05:30  INFO 20772 --- [SmartParkingManagementSystem] [restartedMain] .SmartParkingManagementSystemApplication : Starting SmartParkingManagementSystemApplication using Java 17.0.7 with PID 20772 (C:\satish\BridgeLabz\SpringBoot\parkingmanagement\target\classes started by SATISH in C:\satish\BridgeLabz\SpringBoot\parkingmanagement)
2024-12-06T12:47:13.265+05:30  INFO 20772 --- [SmartParkingManagementSystem] [restartedMain] .SmartParkingManagementSystemApplication : The following 1 profile is active: "db"
2024-12-06T12:47:13.784+05:30  INFO 20772 --- [SmartParkingManagementSystem] [restartedMain] .s.d.r.c.RepositoryConfigurationDelegate : Bootstrapping Spring Data JPA repositories in DEFAULT mode.
2024-12-06T12:47:13.824+05:30  INFO 20772 --- [SmartParkingManagementSystem] [restartedMain] .s.d.r.c.RepositoryConfigurationDelegate : Finished Spring Data repository scanning in 38 ms. Found 4 JPA repository interfaces.
2024-12-06T12:47:13.979+05:30  INFO 20772 --- [SmartParkingManagementSystem] [restartedMain] o.s.b.w.embedded.tomcat.TomcatWebServer  : Tomcat initialized with port 8080 (http)
2024-12-06T12:47:13.980+05:30  INFO 20772 --- [SmartParkingManagementSystem] [restartedMain] o.apache.catalina.core.StandardService   : Starting service [Tomcat]
2024-12-06T12:47:13.981+05:30  INFO 20772 --- [SmartParkingManagementSystem] [restartedMain] o.apache.catalina.core.StandardEngine    : Starting Servlet engine: [Apache Tomcat/10.1.33]
2024-12-06T12:47:14.008+05:30  INFO 20772 --- [SmartParkingManagementSystem] [restartedMain] o.a.c.c.C.[Tomcat-2].[localhost].[/]     : Initializing Spring embedded WebApplicationContext
2024-12-06T12:47:14.009+05:30  INFO 20772 --- [SmartParkingManagementSystem] [restartedMain] w.s.c.ServletWebServerApplicationContext : Root WebApplicationContext: initialization completed in 741 ms
2024-12-06T12:47:14.069+05:30  INFO 20772 --- [SmartParkingManagementSystem] [restartedMain] o.hibernate.jpa.internal.util.LogHelper  : HHH000204: Processing PersistenceUnitInfo [name: default]
2024-12-06T12:47:14.074+05:30  INFO 20772 --- [SmartParkingManagementSystem] [restartedMain] o.h.c.internal.RegionFactoryInitiator    : HHH000026: Second-level cache disabled
2024-12-06T12:47:14.090+05:30  INFO 20772 --- [SmartParkingManagementSystem] [restartedMain] o.s.o.j.p.SpringPersistenceUnitInfo      : No LoadTimeWeaver setup: ignoring JPA class transformer
2024-12-06T12:47:14.092+05:30  INFO 20772 --- [SmartParkingManagementSystem] [restartedMain] com.zaxxer.hikari.HikariDataSource       : HikariPool-6 - Starting...
2024-12-06T12:47:14.114+05:30  INFO 20772 --- [SmartParkingManagementSystem] [restartedMain] com.zaxxer.hikari.pool.HikariPool        : HikariPool-6 - Added connection com.mysql.cj.jdbc.ConnectionImpl@45d5281d
2024-12-06T12:47:14.114+05:30  INFO 20772 --- [SmartParkingManagementSystem] [restartedMain] com.zaxxer.hikari.HikariDataSource       : HikariPool-6 - Start completed.
2024-12-06T12:47:14.115+05:30  INFO 20772 --- [SmartParkingManagementSystem] [restartedMain] org.hibernate.orm.connections.pooling    : HHH10001005: Database info:
	Database JDBC URL [Connecting through datasource 'HikariDataSource (HikariPool-6)']
	Database driver: undefined/unknown
	Database version: 8.0.34
	Autocommit mode: undefined/unknown
	Isolation level: undefined/unknown
	Minimum pool size: undefined/unknown
	Maximum pool size: undefined/unknown
2024-12-06T12:47:14.224+05:30  INFO 20772 --- [SmartParkingManagementSystem] [restartedMain] o.h.e.t.j.p.i.JtaPlatformInitiator       : HHH000489: No JTA platform available (set 'hibernate.transaction.jta.platform' to enable JTA platform integration)
2024-12-06T12:47:14.253+05:30  INFO 20772 --- [SmartParkingManagementSystem] [restartedMain] j.LocalContainerEntityManagerFactoryBean : Initialized JPA EntityManagerFactory for persistence unit 'default'
2024-12-06T12:47:14.264+05:30  WARN 20772 --- [SmartParkingManagementSystem] [restartedMain] ConfigServletWebServerApplicationContext : Exception encountered during context initialization - cancelling refresh attempt: org.springframework.beans.factory.UnsatisfiedDependencyException: Error creating bean with name 'adminController' defined in file [C:\satish\BridgeLabz\SpringBoot\parkingmanagement\target\classes\com\bridgeLabz\parkingmanagement\controller\AdminController.class]: Unsatisfied dependency expressed through constructor parameter 0: No qualifying bean of type 'com.bridgeLabz.parkingmanagement.service.AdminReportService' available: expected at least 1 bean which qualifies as autowire candidate. Dependency annotations: {}
2024-12-06T12:47:14.264+05:30  INFO 20772 --- [SmartParkingManagementSystem] [restartedMain] j.LocalContainerEntityManagerFactoryBean : Closing JPA EntityManagerFactory for persistence unit 'default'
2024-12-06T12:47:14.264+05:30  INFO 20772 --- [SmartParkingManagementSystem] [restartedMain] com.zaxxer.hikari.HikariDataSource       : HikariPool-6 - Shutdown initiated...
2024-12-06T12:47:14.272+05:30  INFO 20772 --- [SmartParkingManagementSystem] [restartedMain] com.zaxxer.hikari.HikariDataSource       : HikariPool-6 - Shutdown completed.
2024-12-06T12:47:14.273+05:30  INFO 20772 --- [SmartParkingManagementSystem] [restartedMain] o.apache.catalina.core.StandardService   : Stopping service [Tomcat]
2024-12-06T12:47:14.280+05:30  INFO 20772 --- [SmartParkingManagementSystem] [restartedMain] .s.b.a.l.ConditionEvaluationReportLogger : 

Error starting ApplicationContext. To display the condition evaluation report re-run your application with 'debug' enabled.
2024-12-06T12:47:14.288+05:30 ERROR 20772 --- [SmartParkingManagementSystem] [restartedMain] o.s.b.d.LoggingFailureAnalysisReporter   : 

***************************
APPLICATION FAILED TO START
***************************

Description:

Parameter 0 of constructor in com.bridgeLabz.parkingmanagement.controller.AdminController required a bean of type 'com.bridgeLabz.parkingmanagement.service.AdminReportService' that could not be found.


Action:

Consider defining a bean of type 'com.bridgeLabz.parkingmanagement.service.AdminReportService' in your configuration.

2024-12-06T12:47:19.967+05:30  INFO 20772 --- [SmartParkingManagementSystem] [restartedMain] .SmartParkingManagementSystemApplication : Starting SmartParkingManagementSystemApplication using Java 17.0.7 with PID 20772 (C:\satish\BridgeLabz\SpringBoot\parkingmanagement\target\classes started by SATISH in C:\satish\BridgeLabz\SpringBoot\parkingmanagement)
2024-12-06T12:47:19.967+05:30  INFO 20772 --- [SmartParkingManagementSystem] [restartedMain] .SmartParkingManagementSystemApplication : The following 1 profile is active: "db"
2024-12-06T12:47:20.314+05:30  INFO 20772 --- [SmartParkingManagementSystem] [restartedMain] .s.d.r.c.RepositoryConfigurationDelegate : Bootstrapping Spring Data JPA repositories in DEFAULT mode.
2024-12-06T12:47:20.353+05:30  INFO 20772 --- [SmartParkingManagementSystem] [restartedMain] .s.d.r.c.RepositoryConfigurationDelegate : Finished Spring Data repository scanning in 37 ms. Found 4 JPA repository interfaces.
2024-12-06T12:47:20.498+05:30  INFO 20772 --- [SmartParkingManagementSystem] [restartedMain] o.s.b.w.embedded.tomcat.TomcatWebServer  : Tomcat initialized with port 8080 (http)
2024-12-06T12:47:20.499+05:30  INFO 20772 --- [SmartParkingManagementSystem] [restartedMain] o.apache.catalina.core.StandardService   : Starting service [Tomcat]
2024-12-06T12:47:20.500+05:30  INFO 20772 --- [SmartParkingManagementSystem] [restartedMain] o.apache.catalina.core.StandardEngine    : Starting Servlet engine: [Apache Tomcat/10.1.33]
2024-12-06T12:47:20.534+05:30  INFO 20772 --- [SmartParkingManagementSystem] [restartedMain] o.a.c.c.C.[Tomcat-3].[localhost].[/]     : Initializing Spring embedded WebApplicationContext
2024-12-06T12:47:20.534+05:30  INFO 20772 --- [SmartParkingManagementSystem] [restartedMain] w.s.c.ServletWebServerApplicationContext : Root WebApplicationContext: initialization completed in 565 ms
2024-12-06T12:47:20.583+05:30  INFO 20772 --- [SmartParkingManagementSystem] [restartedMain] o.hibernate.jpa.internal.util.LogHelper  : HHH000204: Processing PersistenceUnitInfo [name: default]
2024-12-06T12:47:20.587+05:30  INFO 20772 --- [SmartParkingManagementSystem] [restartedMain] o.h.c.internal.RegionFactoryInitiator    : HHH000026: Second-level cache disabled
2024-12-06T12:47:20.599+05:30  INFO 20772 --- [SmartParkingManagementSystem] [restartedMain] o.s.o.j.p.SpringPersistenceUnitInfo      : No LoadTimeWeaver setup: ignoring JPA class transformer
2024-12-06T12:47:20.600+05:30  INFO 20772 --- [SmartParkingManagementSystem] [restartedMain] com.zaxxer.hikari.HikariDataSource       : HikariPool-7 - Starting...
2024-12-06T12:47:20.617+05:30  INFO 20772 --- [SmartParkingManagementSystem] [restartedMain] com.zaxxer.hikari.pool.HikariPool        : HikariPool-7 - Added connection com.mysql.cj.jdbc.ConnectionImpl@649486c4
2024-12-06T12:47:20.617+05:30  INFO 20772 --- [SmartParkingManagementSystem] [restartedMain] com.zaxxer.hikari.HikariDataSource       : HikariPool-7 - Start completed.
2024-12-06T12:47:20.620+05:30  INFO 20772 --- [SmartParkingManagementSystem] [restartedMain] org.hibernate.orm.connections.pooling    : HHH10001005: Database info:
	Database JDBC URL [Connecting through datasource 'HikariDataSource (HikariPool-7)']
	Database driver: undefined/unknown
	Database version: 8.0.34
	Autocommit mode: undefined/unknown
	Isolation level: undefined/unknown
	Minimum pool size: undefined/unknown
	Maximum pool size: undefined/unknown
2024-12-06T12:47:20.742+05:30  INFO 20772 --- [SmartParkingManagementSystem] [restartedMain] o.h.e.t.j.p.i.JtaPlatformInitiator       : HHH000489: No JTA platform available (set 'hibernate.transaction.jta.platform' to enable JTA platform integration)
2024-12-06T12:47:20.775+05:30  INFO 20772 --- [SmartParkingManagementSystem] [restartedMain] j.LocalContainerEntityManagerFactoryBean : Initialized JPA EntityManagerFactory for persistence unit 'default'
2024-12-06T12:47:20.992+05:30  WARN 20772 --- [SmartParkingManagementSystem] [restartedMain] JpaBaseConfiguration$JpaWebConfiguration : spring.jpa.open-in-view is enabled by default. Therefore, database queries may be performed during view rendering. Explicitly configure spring.jpa.open-in-view to disable this warning
2024-12-06T12:47:21.179+05:30  INFO 20772 --- [SmartParkingManagementSystem] [restartedMain] o.s.b.d.a.OptionalLiveReloadServer       : LiveReload server is running on port 35729
2024-12-06T12:47:21.199+05:30  INFO 20772 --- [SmartParkingManagementSystem] [restartedMain] o.s.b.w.embedded.tomcat.TomcatWebServer  : Tomcat started on port 8080 (http) with context path '/'
2024-12-06T12:47:21.208+05:30  INFO 20772 --- [SmartParkingManagementSystem] [restartedMain] .SmartParkingManagementSystemApplication : Started SmartParkingManagementSystemApplication in 1.308 seconds (process running for 2655.322)
2024-12-06T12:47:21.210+05:30  INFO 20772 --- [SmartParkingManagementSystem] [restartedMain] .ConditionEvaluationDeltaLoggingListener : Condition evaluation unchanged
